

*******************************************************************************
Thu Jan 31 14:37:00 2013


FIT:    data read from 'jan13Attractor.dat' u ($5 - 1e-3):13
        format = x:z
	y range restricted to [0.00000 : 0.000500000]
        #datapoints = 24
        residuals are weighted equally (unit weight)

function used for fitting: f(x)
fitted parameters initialized with current variable values



 Iteration 0
 WSSR        : 24.0017           delta(WSSR)/WSSR   : 0
 delta(WSSR) : 0                 limit for stopping : 1e-05
 lambda	  : 0.707107

initial set of free parameter values

a               = 1
b               = 1

After 8 iterations the fit converged.
final sum of squares of residuals : 3.65552e-35
abs. change during last iteration : -7.97291e-29


Hmmmm.... Sum of squared residuals is zero. Can't compute errors.

Final set of parameters 
======================= 

a               = -1.16891e-12   
b               = -6.4408e-15    


*******************************************************************************
Thu Jan 31 14:49:43 2013


FIT:    data read from 'jan13Attractor.dat' u ($5 - 1e-3):13
        format = x:z
	y range restricted to [0.00000 : 0.000500000]
        #datapoints = 24
        residuals are weighted equally (unit weight)

function used for fitting: f(x)
fitted parameters initialized with current variable values



 Iteration 0
 WSSR        : 3.65552e-35       delta(WSSR)/WSSR   : 0
 delta(WSSR) : 0                 limit for stopping : 1e-05
 lambda	  : 0.707107

initial set of free parameter values

a               = -1.16891e-12
b               = -6.4408e-15

After 1 iterations the fit converged.
final sum of squares of residuals : 3.65552e-35
abs. change during last iteration : -2.76898e-48


Hmmmm.... Sum of squared residuals is zero. Can't compute errors.

Final set of parameters 
======================= 

a               = -1.16891e-12   
b               = -6.4408e-15    


*******************************************************************************
Thu Jan 31 14:50:10 2013


FIT:    data read from 'jan13Attractor.dat' u ($5 - 1e-3):13
        format = x:z
	y range restricted to [0.00000 : 0.000500000]
        #datapoints = 24
        residuals are weighted equally (unit weight)

function used for fitting: f(x)
fitted parameters initialized with current variable values



 Iteration 0
 WSSR        : 3.65552e-35       delta(WSSR)/WSSR   : 0
 delta(WSSR) : 0                 limit for stopping : 1e-05
 lambda	  : 0.707107

initial set of free parameter values

a               = -1.16891e-12
b               = -6.4408e-15

After 1 iterations the fit converged.
final sum of squares of residuals : 3.65552e-35
abs. change during last iteration : -4.82701e-48


Hmmmm.... Sum of squared residuals is zero. Can't compute errors.

Final set of parameters 
======================= 

a               = -1.16891e-12   
b               = -6.4408e-15    


*******************************************************************************
Thu Jan 31 14:52:27 2013


FIT:    data read from 'jan13Attractor.dat' u ($5 - 1e-3):13
        format = x:z
	y range restricted to [0.00000 : 0.000500000]
        #datapoints = 24
        residuals are weighted equally (unit weight)

function used for fitting: f(x)
fitted parameters initialized with current variable values



 Iteration 0
 WSSR        : 3.65552e-35       delta(WSSR)/WSSR   : 0
 delta(WSSR) : 0                 limit for stopping : 1e-05
 lambda	  : 0.707107

initial set of free parameter values

a               = -1.16891e-12
b               = -6.4408e-15

After 1 iterations the fit converged.
final sum of squares of residuals : 3.65552e-35
abs. change during last iteration : 0


Hmmmm.... Sum of squared residuals is zero. Can't compute errors.

Final set of parameters 
======================= 

a               = -1.16891e-12   
b               = -6.4408e-15    


*******************************************************************************
Thu Jan 31 14:58:19 2013


FIT:    data read from 'jan13Attractor.dat' u ($5 - 1e-3):13
        format = x:z
	y range restricted to [0.00000 : 0.000500000]
        #datapoints = 24
        residuals are weighted equally (unit weight)

function used for fitting: f(x)
fitted parameters initialized with current variable values



 Iteration 0
 WSSR        : 3.3516e-25        delta(WSSR)/WSSR   : 0
 delta(WSSR) : 0                 limit for stopping : 1e-05
 lambda	  : 0.707107

initial set of free parameter values

a               = -1.16891e-12
b               = -6.4408e-15

After 5 iterations the fit converged.
final sum of squares of residuals : 3.77645e-32
abs. change during last iteration : -3.92909e-29


Hmmmm.... Sum of squared residuals is zero. Can't compute errors.

Final set of parameters 
======================= 

a               = -2.14542e-11   
b               = 1.12427e-13    


*******************************************************************************
Thu Jan 31 15:04:57 2013


FIT:    data read from 'jan13Attractor.dat' u ($5 - 1e-3):13
        format = x:z
	y range restricted to [0.00000 : 0.000500000]
        #datapoints = 24
        residuals are weighted equally (unit weight)

function used for fitting: f(x)
fitted parameters initialized with current variable values



 Iteration 0
 WSSR        : 1.39948e-24       delta(WSSR)/WSSR   : 0
 delta(WSSR) : 0                 limit for stopping : 1e-05
 lambda	  : 0.707107

initial set of free parameter values

a               = -2.14542e-11
b               = 1.12427e-13

After 5 iterations the fit converged.
final sum of squares of residuals : 1.49496e-31
abs. change during last iteration : -1.61512e-28


Hmmmm.... Sum of squared residuals is zero. Can't compute errors.

Final set of parameters 
======================= 

a               = 1.96738e-11    
b               = -1.30458e-13   


*******************************************************************************
Thu Jan 31 16:43:37 2013


FIT:    data read from 'jan13Attractor.dat' u ($5 - 1e-3):13
        format = x:z
	y range restricted to [0.00000 : 0.000500000]
BREAK:          No data to fit 



*******************************************************************************
Thu Jan 31 16:47:51 2013


FIT:    data read from 'jan13Attractor.dat' u ($5 - 1e-3):13
        format = x:z
	y range restricted to [0.00000 : 0.000500000]
BREAK:          No data to fit 



*******************************************************************************
Thu Jan 31 16:53:25 2013


FIT:    data read from 'jan13Attractor.dat' u ($5 - 1e-3):13
        format = x:z
	y range restricted to [0.00000 : 0.000500000]
        #datapoints = 8
        residuals are weighted equally (unit weight)

function used for fitting: f(x)
fitted parameters initialized with current variable values



 Iteration 0
 WSSR        : 8.00386           delta(WSSR)/WSSR   : 0
 delta(WSSR) : 0                 limit for stopping : 1e-05
 lambda	  : 0.707107

initial set of free parameter values

a               = 1
b               = 1

After 8 iterations the fit converged.
final sum of squares of residuals : 2.89584e-33
abs. change during last iteration : -2.36533e-29


Hmmmm.... Sum of squared residuals is zero. Can't compute errors.

Final set of parameters 
======================= 

a               = 2.04834e-11    
b               = -1.30465e-13   


*******************************************************************************
Fri Feb  8 16:56:15 2013


FIT:    data read from 'jan13Attractor.dat' u ($5 - 1e-3):13
        format = x:z
	y range restricted to [0.00000 : 0.000500000]
        #datapoints = 8
        residuals are weighted equally (unit weight)

function used for fitting: f(x)
fitted parameters initialized with current variable values



 Iteration 0
 WSSR        : 8.00386           delta(WSSR)/WSSR   : 0
 delta(WSSR) : 0                 limit for stopping : 1e-05
 lambda	  : 0.707107

initial set of free parameter values

a               = 1
b               = 1

After 8 iterations the fit converged.
final sum of squares of residuals : 8.58435e-34
abs. change during last iteration : -2.36533e-29


Hmmmm.... Sum of squared residuals is zero. Can't compute errors.

Final set of parameters 
======================= 

a               = 1.36833e-11    
b               = -9.47122e-14   


*******************************************************************************
Fri Feb  8 16:59:27 2013


FIT:    data read from 'jan13Attractor.dat' u ($5 - 1e-3):13
        format = x:z
	y range restricted to [0.00000 : 0.000500000]
        #datapoints = 8
        residuals are weighted equally (unit weight)

function used for fitting: fA(x)
fitted parameters initialized with current variable values



*******************************************************************************
Fri Feb  8 17:00:06 2013


FIT:    data read from 'jan13Attractor.dat' u ($5 - 1e-3):13
        format = x:z
	y range restricted to [0.00000 : 0.000500000]
        #datapoints = 8
        residuals are weighted equally (unit weight)

function used for fitting: fA(x)
fitted parameters initialized with current variable values



*******************************************************************************
Fri Feb  8 17:00:16 2013


FIT:    data read from 'jan13Attractor.dat' u ($5 - 1e-3):13
        format = x:z
	y range restricted to [0.00000 : 0.000500000]
        #datapoints = 8
        residuals are weighted equally (unit weight)

function used for fitting: fA(x)
fitted parameters initialized with current variable values



 Iteration 0
 WSSR        : 8.00386           delta(WSSR)/WSSR   : 0
 delta(WSSR) : 0                 limit for stopping : 1e-05
 lambda	  : 0.707107

initial set of free parameter values

aA              = 1
bA              = 1

After 8 iterations the fit converged.
final sum of squares of residuals : 8.58435e-34
abs. change during last iteration : -2.36533e-29


Hmmmm.... Sum of squared residuals is zero. Can't compute errors.

Final set of parameters 
======================= 

aA              = 1.36833e-11    
bA              = -9.47122e-14   


*******************************************************************************
Fri Feb  8 17:00:16 2013


FIT:    data read from 'jan13Attractor.dat' u ($5 - 1e-3):13
        format = x:z
	y range restricted to [0.00000 : 0.000500000]
        #datapoints = 8
        residuals are weighted equally (unit weight)

function used for fitting: fS(x)
fitted parameters initialized with current variable values



 Iteration 0
 WSSR        : 8.00386           delta(WSSR)/WSSR   : 0
 delta(WSSR) : 0                 limit for stopping : 1e-05
 lambda	  : 0.707107

initial set of free parameter values

aS              = 1
bS              = 1

After 8 iterations the fit converged.
final sum of squares of residuals : 8.58435e-34
abs. change during last iteration : -2.36533e-29


Hmmmm.... Sum of squared residuals is zero. Can't compute errors.

Final set of parameters 
======================= 

aS              = 1.36833e-11    
bS              = -9.47122e-14   


*******************************************************************************
Fri Feb  8 17:00:16 2013


FIT:    data read from 'jan13Attractor.dat' u ($5 - 1e-3):13
        format = x:z
	y range restricted to [0.00000 : 0.000500000]
        #datapoints = 8
        residuals are weighted equally (unit weight)

function used for fitting: fSG(x)
fitted parameters initialized with current variable values



 Iteration 0
 WSSR        : 8.00386           delta(WSSR)/WSSR   : 0
 delta(WSSR) : 0                 limit for stopping : 1e-05
 lambda	  : 0.707107

initial set of free parameter values

aSG             = 1
bSG             = 1

After 8 iterations the fit converged.
final sum of squares of residuals : 8.58435e-34
abs. change during last iteration : -2.36533e-29


Hmmmm.... Sum of squared residuals is zero. Can't compute errors.

Final set of parameters 
======================= 

aSG             = 1.36833e-11    
bSG             = -9.47122e-14   


*******************************************************************************
Fri Feb  8 17:00:48 2013


FIT:    data read from 'jan13Attractor.dat' u ($5 - 1e-3):13
        format = x:z
	y range restricted to [0.00000 : 0.000500000]
        #datapoints = 8
        residuals are weighted equally (unit weight)

function used for fitting: fA(x)
fitted parameters initialized with current variable values



 Iteration 0
 WSSR        : 8.58435e-34       delta(WSSR)/WSSR   : 0
 delta(WSSR) : 0                 limit for stopping : 1e-05
 lambda	  : 0.707107

initial set of free parameter values

aA              = 1.36833e-11
bA              = -9.47122e-14

After 1 iterations the fit converged.
final sum of squares of residuals : 8.58435e-34
abs. change during last iteration : -1.36846e-48


Hmmmm.... Sum of squared residuals is zero. Can't compute errors.

Final set of parameters 
======================= 

aA              = 1.36833e-11    
bA              = -9.47122e-14   


*******************************************************************************
Fri Feb  8 17:00:48 2013


FIT:    data read from 'jan13Attractor.dat' u ($5 - 1e-3):13
        format = x:z
	y range restricted to [0.00000 : 0.000500000]
        #datapoints = 8
        residuals are weighted equally (unit weight)

function used for fitting: fS(x)
fitted parameters initialized with current variable values



 Iteration 0
 WSSR        : 8.58435e-34       delta(WSSR)/WSSR   : 0
 delta(WSSR) : 0                 limit for stopping : 1e-05
 lambda	  : 0.707107

initial set of free parameter values

aS              = 1.36833e-11
bS              = -9.47122e-14

After 1 iterations the fit converged.
final sum of squares of residuals : 8.58435e-34
abs. change during last iteration : -1.36846e-48


Hmmmm.... Sum of squared residuals is zero. Can't compute errors.

Final set of parameters 
======================= 

aS              = 1.36833e-11    
bS              = -9.47122e-14   


*******************************************************************************
Fri Feb  8 17:00:48 2013


FIT:    data read from 'jan13Attractor.dat' u ($5 - 1e-3):13
        format = x:z
	y range restricted to [0.00000 : 0.000500000]
        #datapoints = 8
        residuals are weighted equally (unit weight)

function used for fitting: fSG(x)
fitted parameters initialized with current variable values



 Iteration 0
 WSSR        : 8.58435e-34       delta(WSSR)/WSSR   : 0
 delta(WSSR) : 0                 limit for stopping : 1e-05
 lambda	  : 0.707107

initial set of free parameter values

aSG             = 1.36833e-11
bSG             = -9.47122e-14

After 1 iterations the fit converged.
final sum of squares of residuals : 8.58435e-34
abs. change during last iteration : -1.36846e-48


Hmmmm.... Sum of squared residuals is zero. Can't compute errors.

Final set of parameters 
======================= 

aSG             = 1.36833e-11    
bSG             = -9.47122e-14   


*******************************************************************************
Fri Feb  8 17:01:16 2013


FIT:    data read from 'jan13Attractor.dat' u ($5 - 1e-3):13
        format = x:z
	y range restricted to [0.00000 : 0.000500000]
        #datapoints = 8
        residuals are weighted equally (unit weight)

function used for fitting: fA(x)
fitted parameters initialized with current variable values



 Iteration 0
 WSSR        : 8.58435e-34       delta(WSSR)/WSSR   : 0
 delta(WSSR) : 0                 limit for stopping : 1e-05
 lambda	  : 0.707107

initial set of free parameter values

aA              = 1.36833e-11
bA              = -9.47122e-14

After 1 iterations the fit converged.
final sum of squares of residuals : 8.58435e-34
abs. change during last iteration : 0


Hmmmm.... Sum of squared residuals is zero. Can't compute errors.

Final set of parameters 
======================= 

aA              = 1.36833e-11    
bA              = -9.47122e-14   


*******************************************************************************
Fri Feb  8 17:01:16 2013


FIT:    data read from 'jan13Spindles.dat'  u ($5 - 1e-3):13
        format = x:z
	y range restricted to [0.00000 : 0.000500000]
        #datapoints = 8
        residuals are weighted equally (unit weight)

function used for fitting: fS(x)
fitted parameters initialized with current variable values



 Iteration 0
 WSSR        : 6.91706e-26       delta(WSSR)/WSSR   : 0
 delta(WSSR) : 0                 limit for stopping : 1e-05
 lambda	  : 0.707107

initial set of free parameter values

aS              = 1.36833e-11
bS              = -9.47122e-14

After 5 iterations the fit converged.
final sum of squares of residuals : 1.15297e-32
abs. change during last iteration : -1.9325e-29


Hmmmm.... Sum of squared residuals is zero. Can't compute errors.

Final set of parameters 
======================= 

aS              = 9.86613e-14    
bS              = 1.5268e-15     


*******************************************************************************
Fri Feb  8 17:01:16 2013


FIT:    data read from 'jan13ScrewGaps.dat' u ($5 - 1e-3):13
        format = x:z
	y range restricted to [0.00000 : 0.000500000]
        #datapoints = 8
        residuals are weighted equally (unit weight)

function used for fitting: fSG(x)
fitted parameters initialized with current variable values



 Iteration 0
 WSSR        : 6.69112e-26       delta(WSSR)/WSSR   : 0
 delta(WSSR) : 0                 limit for stopping : 1e-05
 lambda	  : 0.707107

initial set of free parameter values

aSG             = 1.36833e-11
bSG             = -9.47122e-14

After 5 iterations the fit converged.
final sum of squares of residuals : 1.12811e-32
abs. change during last iteration : -1.89082e-29


Hmmmm.... Sum of squared residuals is zero. Can't compute errors.

Final set of parameters 
======================= 

aSG             = 2.45952e-13    
bSG             = -3.98649e-17   


*******************************************************************************
Fri Feb  8 17:12:22 2013


FIT:    data read from 'jan13Attractor.dat' u ($5 - 1e-3):13
        format = x:z
	y range restricted to [0.00000 : 0.000500000]
        #datapoints = 8
        residuals are weighted equally (unit weight)

function used for fitting: fA(x)
fitted parameters initialized with current variable values



 Iteration 0
 WSSR        : 8.00386           delta(WSSR)/WSSR   : 0
 delta(WSSR) : 0                 limit for stopping : 1e-05
 lambda	  : 0.707107

initial set of free parameter values

aA              = 1
bA              = 1

After 8 iterations the fit converged.
final sum of squares of residuals : 8.58435e-34
abs. change during last iteration : -2.36533e-29


Hmmmm.... Sum of squared residuals is zero. Can't compute errors.

Final set of parameters 
======================= 

aA              = 1.36833e-11    
bA              = -9.47122e-14   


*******************************************************************************
Fri Feb  8 17:12:22 2013


FIT:    data read from 'jan13Spindles.dat'  u ($5 - 1e-3):13
        format = x:z
	y range restricted to [0.00000 : 0.000500000]
        #datapoints = 8
        residuals are weighted equally (unit weight)

function used for fitting: fS(x)
fitted parameters initialized with current variable values



 Iteration 0
 WSSR        : 8.00386           delta(WSSR)/WSSR   : 0
 delta(WSSR) : 0                 limit for stopping : 1e-05
 lambda	  : 0.707107

initial set of free parameter values

aS              = 1
bS              = 1

After 8 iterations the fit converged.
final sum of squares of residuals : 2.36704e-39
abs. change during last iteration : -2.36533e-29


Hmmmm.... Sum of squared residuals is zero. Can't compute errors.

Final set of parameters 
======================= 

aS              = -1.41583e-13   
bS              = 1.58479e-15    


*******************************************************************************
Fri Feb  8 17:12:22 2013


FIT:    data read from 'jan13ScrewGaps.dat' u ($5 - 1e-3):13
        format = x:z
	y range restricted to [0.00000 : 0.000500000]
        #datapoints = 8
        residuals are weighted equally (unit weight)

function used for fitting: fSG(x)
fitted parameters initialized with current variable values



 Iteration 0
 WSSR        : 8.00386           delta(WSSR)/WSSR   : 0
 delta(WSSR) : 0                 limit for stopping : 1e-05
 lambda	  : 0.707107

initial set of free parameter values

aSG             = 1
bSG             = 1

After 8 iterations the fit converged.
final sum of squares of residuals : 3.70066e-39
abs. change during last iteration : -2.36533e-29


Hmmmm.... Sum of squared residuals is zero. Can't compute errors.

Final set of parameters 
======================= 

aSG             = 8.31317e-15    
bSG             = 1.74963e-17    
